#
# There is insufficient memory for the Java Runtime Environment to continue.
# Native memory allocation (malloc) failed to allocate 338576 bytes for Chunk::new
# Possible reasons:
#   The system is out of physical RAM or swap space
#   The process is running with CompressedOops enabled, and the Java Heap may be blocking the growth of the native heap
# Possible solutions:
#   Reduce memory load on the system
#   Increase physical memory or swap space
#   Check if swap backing store is full
#   Decrease Java heap size (-Xmx/-Xms)
#   Decrease number of Java threads
#   Decrease Java thread stack sizes (-Xss)
#   Set larger code cache with -XX:ReservedCodeCacheSize=
#   JVM is running with Zero Based Compressed Oops mode in which the Java heap is
#     placed in the first 32GB address space. The Java Heap base address is the
#     maximum limit for the native heap growth. Please use -XX:HeapBaseMinAddress
#     to set the Java Heap base and to place the Java Heap above 32GB virtual address.
# This output file may be truncated or incomplete.
#
#  Out of Memory Error (arena.cpp:189), pid=17224, tid=19612
#
# JRE version: OpenJDK Runtime Environment (17.0.6) (build 17.0.6+0-b2043.56-10027231)
# Java VM: OpenJDK 64-Bit Server VM (17.0.6+0-b2043.56-10027231, mixed mode, tiered, compressed oops, compressed class ptrs, g1 gc, windows-amd64)
# No core dump will be written. Minidumps are not enabled by default on client versions of Windows
#

---------------  S U M M A R Y ------------

Command Line: org.jetbrains.kotlin.cli.jvm.K2JVMCompiler @C:\Users\minne\AndroidStudioProjects\AndroidProject\feature-auth-api\build\20240513_5262597035216753833.compiler.options

Host: AMD Ryzen 5 5500U with Radeon Graphics         , 12 cores, 15G,  Windows 10 , 64 bit Build 19041 (10.0.19041.3636)
Time: Mon May 13 02:57:50 2024 RTZ 4 (s 10 , 64 bit Build 19041 (10.0.19041.3636) elapsed time: 1.301433 seconds (0d 0h 0m 1s)

---------------  T H R E A D  ---------------

Current thread (0x0000025e3cc0ef20):  JavaThread "C2 CompilerThread2" daemon [_thread_in_native, id=19612, stack(0x000000eb75200000,0x000000eb75300000)]


Current CompileTask:
C2:   1301 1611   !   4       jdk.internal.loader.URLClassPath$JarLoader::getResource (65 bytes)

Stack: [0x000000eb75200000,0x000000eb75300000]
Native frames: (J=compiled Java code, j=interpreted, Vv=VM code, C=native code)
V  [jvm.dll+0x683c9a]
V  [jvm.dll+0x8427a4]
V  [jvm.dll+0x843f9e]
V  [jvm.dll+0x844603]
V  [jvm.dll+0x249b75]
V  [jvm.dll+0xabcac]
V  [jvm.dll+0xac27c]
V  [jvm.dll+0x2b0eef]
V  [jvm.dll+0x58a267]
V  [jvm.dll+0x2243b2]
V  [jvm.dll+0x22478f]
V  [jvm.dll+0x21e055]
V  [jvm.dll+0x21b51b]
V  [jvm.dll+0x1a4fdd]
V  [jvm.dll+0x22b098]
V  [jvm.dll+0x229159]
V  [jvm.dll+0x7f81ec]
V  [jvm.dll+0x7f274a]
V  [jvm.dll+0x682ad5]
C  [ucrtbase.dll+0x21bb2]
C  [KERNEL32.DLL+0x17344]
C  [ntdll.dll+0x526b1]


---------------  P R O C E S S  ---------------

Threads class SMR info:
_java_thread_list=0x0000025e3c244b70, length=14, elements={
0x0000025e1c5f1110, 0x0000025e3b841010, 0x0000025e3b841c80, 0x0000025e3b891dc0,
0x0000025e3b892770, 0x0000025e3b893530, 0x0000025e3b893ee0, 0x0000025e3b894c70,
0x0000025e3b895710, 0x0000025e3b898110, 0x0000025e3ba05170, 0x0000025e3ba17cc0,
0x0000025e3bb50420, 0x0000025e3cc0ef20
}

Java Threads: ( => current thread )
  0x0000025e1c5f1110 JavaThread "main" [_thread_in_Java, id=14420, stack(0x000000eb73a00000,0x000000eb73b00000)]
  0x0000025e3b841010 JavaThread "Reference Handler" daemon [_thread_blocked, id=9352, stack(0x000000eb74100000,0x000000eb74200000)]
  0x0000025e3b841c80 JavaThread "Finalizer" daemon [_thread_blocked, id=812, stack(0x000000eb74200000,0x000000eb74300000)]
  0x0000025e3b891dc0 JavaThread "Signal Dispatcher" daemon [_thread_blocked, id=16932, stack(0x000000eb74300000,0x000000eb74400000)]
  0x0000025e3b892770 JavaThread "Attach Listener" daemon [_thread_blocked, id=13380, stack(0x000000eb74400000,0x000000eb74500000)]
  0x0000025e3b893530 JavaThread "Service Thread" daemon [_thread_blocked, id=13304, stack(0x000000eb74500000,0x000000eb74600000)]
  0x0000025e3b893ee0 JavaThread "Monitor Deflation Thread" daemon [_thread_blocked, id=14732, stack(0x000000eb74600000,0x000000eb74700000)]
  0x0000025e3b894c70 JavaThread "C2 CompilerThread0" daemon [_thread_blocked, id=16328, stack(0x000000eb74700000,0x000000eb74800000)]
  0x0000025e3b895710 JavaThread "C1 CompilerThread0" daemon [_thread_blocked, id=2216, stack(0x000000eb74800000,0x000000eb74900000)]
  0x0000025e3b898110 JavaThread "Sweeper thread" daemon [_thread_blocked, id=8684, stack(0x000000eb74900000,0x000000eb74a00000)]
  0x0000025e3ba05170 JavaThread "Notification Thread" daemon [_thread_blocked, id=16704, stack(0x000000eb74a00000,0x000000eb74b00000)]
  0x0000025e3ba17cc0 JavaThread "Common-Cleaner" daemon [_thread_blocked, id=13220, stack(0x000000eb74c00000,0x000000eb74d00000)]
  0x0000025e3bb50420 JavaThread "C2 CompilerThread1" daemon [_thread_blocked, id=2892, stack(0x000000eb74d00000,0x000000eb74e00000)]
=>0x0000025e3cc0ef20 JavaThread "C2 CompilerThread2" daemon [_thread_in_native, id=19612, stack(0x000000eb75200000,0x000000eb75300000)]

Other Threads:
  0x0000025e3b83f410 VMThread "VM Thread" [stack: 0x000000eb74000000,0x000000eb74100000] [id=14564]
  0x0000025e1c686770 WatcherThread [stack: 0x000000eb74b00000,0x000000eb74c00000] [id=20224]
  0x0000025e1c65c630 GCTaskThread "GC Thread#0" [stack: 0x000000eb73b00000,0x000000eb73c00000] [id=11528]
  0x0000025e3bfffa80 GCTaskThread "GC Thread#1" [stack: 0x000000eb74e00000,0x000000eb74f00000] [id=13232]
  0x0000025e3c01c800 GCTaskThread "GC Thread#2" [stack: 0x000000eb74f00000,0x000000eb75000000] [id=2108]
  0x0000025e3c01cab0 GCTaskThread "GC Thread#3" [stack: 0x000000eb75000000,0x000000eb75100000] [id=14524]
  0x0000025e3c01d170 GCTaskThread "GC Thread#4" [stack: 0x000000eb75100000,0x000000eb75200000] [id=16732]
  0x0000025e1c66cb30 ConcurrentGCThread "G1 Main Marker" [stack: 0x000000eb73c00000,0x000000eb73d00000] [id=18076]
  0x0000025e1c66dce0 ConcurrentGCThread "G1 Conc#0" [stack: 0x000000eb73d00000,0x000000eb73e00000] [id=5704]
  0x0000025e1c6be2c0 ConcurrentGCThread "G1 Refine#0" [stack: 0x000000eb73e00000,0x000000eb73f00000] [id=10936]
  0x0000025e1c6bebe0 ConcurrentGCThread "G1 Service" [stack: 0x000000eb73f00000,0x000000eb74000000] [id=9708]

Threads with active compile tasks:
C2 CompilerThread2     1317 1611   !   4       jdk.internal.loader.URLClassPath$JarLoader::getResource (65 bytes)

VM state: not at safepoint (normal execution)

VM Mutex/Monitor currently owned by a thread: None

Heap address: 0x000000070a400000, size: 3932 MB, Compressed Oops mode: Zero based, Oop shift amount: 3

CDS archive(s) not mapped
Compressed class space mapped at: 0x0000000800000000-0x0000000840000000, reserved size: 1073741824
Narrow klass base: 0x0000000800000000, Narrow klass shift: 0, Narrow klass range: 0x40000000

GC Precious Log:
 CPUs: 12 total, 12 available
 Memory: 15722M
 Large Page Support: Disabled
 NUMA Support: Disabled
 Compressed Oops: Enabled (Zero based)
 Heap Region Size: 2M
 Heap Min Capacity: 8M
 Heap Initial Capacity: 246M
 Heap Max Capacity: 3932M
 Pre-touch: Disabled
 Parallel Workers: 10
 Concurrent Workers: 3
 Concurrent Refinement Workers: 10
 Periodic GC: Disabled

Heap:
 garbage-first heap   total 251904K, used 33468K [0x000000070a400000, 0x0000000800000000)
  region size 2048K, 16 young (32768K), 2 survivors (4096K)
 Metaspace       used 19188K, committed 19392K, reserved 1073152K
  class space    used 2061K, committed 2176K, reserved 1048576K

Heap Regions: E=young(eden), S=young(survivor), O=old, HS=humongous(starts), HC=humongous(continues), CS=collection set, F=free, OA=open archive, CA=closed archive, TAMS=top-at-mark-start (previous, next)
|   0|0x000000070a400000, 0x000000070a600000, 0x000000070a600000|100%|HS|  |TAMS 0x000000070a400000, 0x000000070a400000| Complete 
|   1|0x000000070a600000, 0x000000070a800000, 0x000000070a800000|100%|HC|  |TAMS 0x000000070a600000, 0x000000070a600000| Complete 
|   2|0x000000070a800000, 0x000000070a800000, 0x000000070aa00000|  0%| F|  |TAMS 0x000000070a800000, 0x000000070a800000| Untracked 
|   3|0x000000070aa00000, 0x000000070aa00000, 0x000000070ac00000|  0%| F|  |TAMS 0x000000070aa00000, 0x000000070aa00000| Untracked 
|   4|0x000000070ac00000, 0x000000070ac00000, 0x000000070ae00000|  0%| F|  |TAMS 0x000000070ac00000, 0x000000070ac00000| Untracked 
|   5|0x000000070ae00000, 0x000000070ae00000, 0x000000070b000000|  0%| F|  |TAMS 0x000000070ae00000, 0x000000070ae00000| Untracked 
|   6|0x000000070b000000, 0x000000070b000000, 0x000000070b200000|  0%| F|  |TAMS 0x000000070b000000, 0x000000070b000000| Untracked 
|   7|0x000000070b200000, 0x000000070b200000, 0x000000070b400000|  0%| F|  |TAMS 0x000000070b200000, 0x000000070b200000| Untracked 
|   8|0x000000070b400000, 0x000000070b400000, 0x000000070b600000|  0%| F|  |TAMS 0x000000070b400000, 0x000000070b400000| Untracked 
|   9|0x000000070b600000, 0x000000070b600000, 0x000000070b800000|  0%| F|  |TAMS 0x000000070b600000, 0x000000070b600000| Untracked 
|  10|0x000000070b800000, 0x000000070b800000, 0x000000070ba00000|  0%| F|  |TAMS 0x000000070b800000, 0x000000070b800000| Untracked 
|  11|0x000000070ba00000, 0x000000070ba00000, 0x000000070bc00000|  0%| F|  |TAMS 0x000000070ba00000, 0x000000070ba00000| Untracked 
|  12|0x000000070bc00000, 0x000000070bc00000, 0x000000070be00000|  0%| F|  |TAMS 0x000000070bc00000, 0x000000070bc00000| Untracked 
|  13|0x000000070be00000, 0x000000070be00000, 0x000000070c000000|  0%| F|  |TAMS 0x000000070be00000, 0x000000070be00000| Untracked 
|  14|0x000000070c000000, 0x000000070c000000, 0x000000070c200000|  0%| F|  |TAMS 0x000000070c000000, 0x000000070c000000| Untracked 
|  15|0x000000070c200000, 0x000000070c200000, 0x000000070c400000|  0%| F|  |TAMS 0x000000070c200000, 0x000000070c200000| Untracked 
|  16|0x000000070c400000, 0x000000070c400000, 0x000000070c600000|  0%| F|  |TAMS 0x000000070c400000, 0x000000070c400000| Untracked 
|  17|0x000000070c600000, 0x000000070c600000, 0x000000070c800000|  0%| F|  |TAMS 0x000000070c600000, 0x000000070c600000| Untracked 
|  18|0x000000070c800000, 0x000000070c800000, 0x000000070ca00000|  0%| F|  |TAMS 0x000000070c800000, 0x000000070c800000| Untracked 
|  19|0x000000070ca00000, 0x000000070ca00000, 0x000000070cc00000|  0%| F|  |TAMS 0x000000070ca00000, 0x000000070ca00000| Untracked 
|  20|0x000000070cc00000, 0x000000070cc00000, 0x000000070ce00000|  0%| F|  |TAMS 0x000000070cc00000, 0x000000070cc00000| Untracked 
|  21|0x000000070ce00000, 0x000000070ce00000, 0x000000070d000000|  0%| F|  |TAMS 0x000000070ce00000, 0x000000070ce00000| Untracked 
|  22|0x000000070d000000, 0x000000070d000000, 0x000000070d200000|  0%| F|  |TAMS 0x000000070d000000, 0x000000070d000000| Untracked 
|  23|0x000000070d200000, 0x000000070d200000, 0x000000070d400000|  0%| F|  |TAMS 0x000000070d200000, 0x000000070d200000| Untracked 
|  24|0x000000070d400000, 0x000000070d400000, 0x000000070d600000|  0%| F|  |TAMS 0x000000070d400000, 0x000000070d400000| Untracked 
|  25|0x000000070d600000, 0x000000070d600000, 0x000000070d800000|  0%| F|  |TAMS 0x000000070d600000, 0x000000070d600000| Untracked 
|  26|0x000000070d800000, 0x000000070d800000, 0x000000070da00000|  0%| F|  |TAMS 0x000000070d800000, 0x000000070d800000| Untracked 
|  27|0x000000070da00000, 0x000000070da00000, 0x000000070dc00000|  0%| F|  |TAMS 0x000000070da00000, 0x000000070da00000| Untracked 
|  28|0x000000070dc00000, 0x000000070dc00000, 0x000000070de00000|  0%| F|  |TAMS 0x000000070dc00000, 0x000000070dc00000| Untracked 
|  29|0x000000070de00000, 0x000000070de00000, 0x000000070e000000|  0%| F|  |TAMS 0x000000070de00000, 0x000000070de00000| Untracked 
|  30|0x000000070e000000, 0x000000070e000000, 0x000000070e200000|  0%| F|  |TAMS 0x000000070e000000, 0x000000070e000000| Untracked 
|  31|0x000000070e200000, 0x000000070e200000, 0x000000070e400000|  0%| F|  |TAMS 0x000000070e200000, 0x000000070e200000| Untracked 
|  32|0x000000070e400000, 0x000000070e400000, 0x000000070e600000|  0%| F|  |TAMS 0x000000070e400000, 0x000000070e400000| Untracked 
|  33|0x000000070e600000, 0x000000070e600000, 0x000000070e800000|  0%| F|  |TAMS 0x000000070e600000, 0x000000070e600000| Untracked 
|  34|0x000000070e800000, 0x000000070e800000, 0x000000070ea00000|  0%| F|  |TAMS 0x000000070e800000, 0x000000070e800000| Untracked 
|  35|0x000000070ea00000, 0x000000070ea00000, 0x000000070ec00000|  0%| F|  |TAMS 0x000000070ea00000, 0x000000070ea00000| Untracked 
|  36|0x000000070ec00000, 0x000000070ec00000, 0x000000070ee00000|  0%| F|  |TAMS 0x000000070ec00000, 0x000000070ec00000| Untracked 
|  37|0x000000070ee00000, 0x000000070ee00000, 0x000000070f000000|  0%| F|  |TAMS 0x000000070ee00000, 0x000000070ee00000| Untracked 
|  38|0x000000070f000000, 0x000000070f000000, 0x000000070f200000|  0%| F|  |TAMS 0x000000070f000000, 0x000000070f000000| Untracked 
|  39|0x000000070f200000, 0x000000070f200000, 0x000000070f400000|  0%| F|  |TAMS 0x000000070f200000, 0x000000070f200000| Untracked 
|  40|0x000000070f400000, 0x000000070f400000, 0x000000070f600000|  0%| F|  |TAMS 0x000000070f400000, 0x000000070f400000| Untracked 
|  41|0x000000070f600000, 0x000000070f600000, 0x000000070f800000|  0%| F|  |TAMS 0x000000070f600000, 0x000000070f600000| Untracked 
|  42|0x000000070f800000, 0x000000070f800000, 0x000000070fa00000|  0%| F|  |TAMS 0x000000070f800000, 0x000000070f800000| Untracked 
|  43|0x000000070fa00000, 0x000000070fa00000, 0x000000070fc00000|  0%| F|  |TAMS 0x000000070fa00000, 0x000000070fa00000| Untracked 
|  44|0x000000070fc00000, 0x000000070fc00000, 0x000000070fe00000|  0%| F|  |TAMS 0x000000070fc00000, 0x000000070fc00000| Untracked 
|  45|0x000000070fe00000, 0x000000070fe00000, 0x0000000710000000|  0%| F|  |TAMS 0x000000070fe00000, 0x000000070fe00000| Untracked 
|  46|0x0000000710000000, 0x0000000710000000, 0x0000000710200000|  0%| F|  |TAMS 0x0000000710000000, 0x0000000710000000| Untracked 
|  47|0x0000000710200000, 0x0000000710200000, 0x0000000710400000|  0%| F|  |TAMS 0x0000000710200000, 0x0000000710200000| Untracked 
|  48|0x0000000710400000, 0x0000000710400000, 0x0000000710600000|  0%| F|  |TAMS 0x0000000710400000, 0x0000000710400000| Untracked 
|  49|0x0000000710600000, 0x0000000710600000, 0x0000000710800000|  0%| F|  |TAMS 0x0000000710600000, 0x0000000710600000| Untracked 
|  50|0x0000000710800000, 0x0000000710800000, 0x0000000710a00000|  0%| F|  |TAMS 0x0000000710800000, 0x0000000710800000| Untracked 
|  51|0x0000000710a00000, 0x0000000710a00000, 0x0000000710c00000|  0%| F|  |TAMS 0x0000000710a00000, 0x0000000710a00000| Untracked 
|  52|0x0000000710c00000, 0x0000000710c00000, 0x0000000710e00000|  0%| F|  |TAMS 0x0000000710c00000, 0x0000000710c00000| Untracked 
|  53|0x0000000710e00000, 0x0000000710e00000, 0x0000000711000000|  0%| F|  |TAMS 0x0000000710e00000, 0x0000000710e00000| Untracked 
|  54|0x0000000711000000, 0x0000000711000000, 0x0000000711200000|  0%| F|  |TAMS 0x0000000711000000, 0x0000000711000000| Untracked 
|  55|0x0000000711200000, 0x0000000711200000, 0x0000000711400000|  0%| F|  |TAMS 0x0000000711200000, 0x0000000711200000| Untracked 
|  56|0x0000000711400000, 0x0000000711400000, 0x0000000711600000|  0%| F|  |TAMS 0x0000000711400000, 0x0000000711400000| Untracked 
|  57|0x0000000711600000, 0x0000000711600000, 0x0000000711800000|  0%| F|  |TAMS 0x0000000711600000, 0x0000000711600000| Untracked 
|  58|0x0000000711800000, 0x0000000711800000, 0x0000000711a00000|  0%| F|  |TAMS 0x0000000711800000, 0x0000000711800000| Untracked 
|  59|0x0000000711a00000, 0x0000000711a00000, 0x0000000711c00000|  0%| F|  |TAMS 0x0000000711a00000, 0x0000000711a00000| Untracked 
|  60|0x0000000711c00000, 0x0000000711c00000, 0x0000000711e00000|  0%| F|  |TAMS 0x0000000711c00000, 0x0000000711c00000| Untracked 
|  61|0x0000000711e00000, 0x0000000711e00000, 0x0000000712000000|  0%| F|  |TAMS 0x0000000711e00000, 0x0000000711e00000| Untracked 
|  62|0x0000000712000000, 0x0000000712000000, 0x0000000712200000|  0%| F|  |TAMS 0x0000000712000000, 0x0000000712000000| Untracked 
|  63|0x0000000712200000, 0x0000000712200000, 0x0000000712400000|  0%| F|  |TAMS 0x0000000712200000, 0x0000000712200000| Untracked 
|  64|0x0000000712400000, 0x0000000712400000, 0x0000000712600000|  0%| F|  |TAMS 0x0000000712400000, 0x0000000712400000| Untracked 
|  65|0x0000000712600000, 0x0000000712600000, 0x0000000712800000|  0%| F|  |TAMS 0x0000000712600000, 0x0000000712600000| Untracked 
|  66|0x0000000712800000, 0x0000000712800000, 0x0000000712a00000|  0%| F|  |TAMS 0x0000000712800000, 0x0000000712800000| Untracked 
|  67|0x0000000712a00000, 0x0000000712a00000, 0x0000000712c00000|  0%| F|  |TAMS 0x0000000712a00000, 0x0000000712a00000| Untracked 
|  68|0x0000000712c00000, 0x0000000712c00000, 0x0000000712e00000|  0%| F|  |TAMS 0x0000000712c00000, 0x0000000712c00000| Untracked 
|  69|0x0000000712e00000, 0x0000000712e00000, 0x0000000713000000|  0%| F|  |TAMS 0x0000000712e00000, 0x0000000712e00000| Untracked 
|  70|0x0000000713000000, 0x0000000713000000, 0x0000000713200000|  0%| F|  |TAMS 0x0000000713000000, 0x0000000713000000| Untracked 
|  71|0x0000000713200000, 0x0000000713200000, 0x0000000713400000|  0%| F|  |TAMS 0x0000000713200000, 0x0000000713200000| Untracked 
|  72|0x0000000713400000, 0x0000000713400000, 0x0000000713600000|  0%| F|  |TAMS 0x0000000713400000, 0x0000000713400000| Untracked 
|  73|0x0000000713600000, 0x0000000713600000, 0x0000000713800000|  0%| F|  |TAMS 0x0000000713600000, 0x0000000713600000| Untracked 
|  74|0x0000000713800000, 0x0000000713800000, 0x0000000713a00000|  0%| F|  |TAMS 0x0000000713800000, 0x0000000713800000| Untracked 
|  75|0x0000000713a00000, 0x0000000713a00000, 0x0000000713c00000|  0%| F|  |TAMS 0x0000000713a00000, 0x0000000713a00000| Untracked 
|  76|0x0000000713c00000, 0x0000000713c00000, 0x0000000713e00000|  0%| F|  |TAMS 0x0000000713c00000, 0x0000000713c00000| Untracked 
|  77|0x0000000713e00000, 0x0000000713e00000, 0x0000000714000000|  0%| F|  |TAMS 0x0000000713e00000, 0x0000000713e00000| Untracked 
|  78|0x0000000714000000, 0x0000000714000000, 0x0000000714200000|  0%| F|  |TAMS 0x0000000714000000, 0x0000000714000000| Untracked 
|  79|0x0000000714200000, 0x0000000714200000, 0x0000000714400000|  0%| F|  |TAMS 0x0000000714200000, 0x0000000714200000| Untracked 
|  80|0x0000000714400000, 0x0000000714400000, 0x0000000714600000|  0%| F|  |TAMS 0x0000000714400000, 0x0000000714400000| Untracked 
|  81|0x0000000714600000, 0x0000000714600000, 0x0000000714800000|  0%| F|  |TAMS 0x0000000714600000, 0x0000000714600000| Untracked 
|  82|0x0000000714800000, 0x0000000714800000, 0x0000000714a00000|  0%| F|  |TAMS 0x0000000714800000, 0x0000000714800000| Untracked 
|  83|0x0000000714a00000, 0x0000000714a00000, 0x0000000714c00000|  0%| F|  |TAMS 0x0000000714a00000, 0x0000000714a00000| Untracked 
|  84|0x0000000714c00000, 0x0000000714c00000, 0x0000000714e00000|  0%| F|  |TAMS 0x0000000714c00000, 0x0000000714c00000| Untracked 
|  85|0x0000000714e00000, 0x0000000714e00000, 0x0000000715000000|  0%| F|  |TAMS 0x0000000714e00000, 0x0000000714e00000| Untracked 
|  86|0x0000000715000000, 0x0000000715000000, 0x0000000715200000|  0%| F|  |TAMS 0x0000000715000000, 0x0000000715000000| Untracked 
|  87|0x0000000715200000, 0x0000000715200000, 0x0000000715400000|  0%| F|  |TAMS 0x0000000715200000, 0x0000000715200000| Untracked 
|  88|0x0000000715400000, 0x0000000715400000, 0x0000000715600000|  0%| F|  |TAMS 0x0000000715400000, 0x0000000715400000| Untracked 
|  89|0x0000000715600000, 0x0000000715600000, 0x0000000715800000|  0%| F|  |TAMS 0x0000000715600000, 0x0000000715600000| Untracked 
|  90|0x0000000715800000, 0x0000000715800000, 0x0000000715a00000|  0%| F|  |TAMS 0x0000000715800000, 0x0000000715800000| Untracked 
|  91|0x0000000715a00000, 0x0000000715a00000, 0x0000000715c00000|  0%| F|  |TAMS 0x0000000715a00000, 0x0000000715a00000| Untracked 
|  92|0x0000000715c00000, 0x0000000715c00000, 0x0000000715e00000|  0%| F|  |TAMS 0x0000000715c00000, 0x0000000715c00000| Untracked 
|  93|0x0000000715e00000, 0x0000000715e00000, 0x0000000716000000|  0%| F|  |TAMS 0x0000000715e00000, 0x0000000715e00000| Untracked 
|  94|0x0000000716000000, 0x0000000716000000, 0x0000000716200000|  0%| F|  |TAMS 0x0000000716000000, 0x0000000716000000| Untracked 
|  95|0x0000000716200000, 0x0000000716200000, 0x0000000716400000|  0%| F|  |TAMS 0x0000000716200000, 0x0000000716200000| Untracked 
|  96|0x0000000716400000, 0x0000000716400000, 0x0000000716600000|  0%| F|  |TAMS 0x0000000716400000, 0x0000000716400000| Untracked 
|  97|0x0000000716600000, 0x0000000716600000, 0x0000000716800000|  0%| F|  |TAMS 0x0000000716600000, 0x0000000716600000| Untracked 
|  98|0x0000000716800000, 0x0000000716800000, 0x0000000716a00000|  0%| F|  |TAMS 0x0000000716800000, 0x0000000716800000| Untracked 
|  99|0x0000000716a00000, 0x0000000716a00000, 0x0000000716c00000|  0%| F|  |TAMS 0x0000000716a00000, 0x0000000716a00000| Untracked 
| 100|0x0000000716c00000, 0x0000000716c00000, 0x0000000716e00000|  0%| F|  |TAMS 0x0000000716c00000, 0x0000000716c00000| Untracked 
| 101|0x0000000716e00000, 0x0000000716e00000, 0x0000000717000000|  0%| F|  |TAMS 0x0000000716e00000, 0x0000000716e00000| Untracked 
| 102|0x0000000717000000, 0x0000000717000000, 0x0000000717200000|  0%| F|  |TAMS 0x0000000717000000, 0x0000000717000000| Untracked 
| 103|0x0000000717200000, 0x0000000717200000, 0x0000000717400000|  0%| F|  |TAMS 0x0000000717200000, 0x0000000717200000| Untracked 
| 104|0x0000000717400000, 0x0000000717400000, 0x0000000717600000|  0%| F|  |TAMS 0x0000000717400000, 0x0000000717400000| Untracked 
| 105|0x0000000717600000, 0x0000000717600000, 0x0000000717800000|  0%| F|  |TAMS 0x0000000717600000, 0x0000000717600000| Untracked 
| 106|0x0000000717800000, 0x0000000717800000, 0x0000000717a00000|  0%| F|  |TAMS 0x0000000717800000, 0x0000000717800000| Untracked 
| 107|0x0000000717a00000, 0x0000000717b37538, 0x0000000717c00000| 60%| E|  |TAMS 0x0000000717a00000, 0x0000000717a00000| Complete 
| 108|0x0000000717c00000, 0x0000000717e00000, 0x0000000717e00000|100%| E|CS|TAMS 0x0000000717c00000, 0x0000000717c00000| Complete 
| 109|0x0000000717e00000, 0x0000000718000000, 0x0000000718000000|100%| E|CS|TAMS 0x0000000717e00000, 0x0000000717e00000| Complete 
| 110|0x0000000718000000, 0x00000007180af178, 0x0000000718200000| 34%| S|CS|TAMS 0x0000000718000000, 0x0000000718000000| Complete 
| 111|0x0000000718200000, 0x0000000718400000, 0x0000000718400000|100%| S|CS|TAMS 0x0000000718200000, 0x0000000718200000| Complete 
| 112|0x0000000718400000, 0x0000000718600000, 0x0000000718600000|100%| E|CS|TAMS 0x0000000718400000, 0x0000000718400000| Complete 
| 113|0x0000000718600000, 0x0000000718800000, 0x0000000718800000|100%| E|CS|TAMS 0x0000000718600000, 0x0000000718600000| Complete 
| 114|0x0000000718800000, 0x0000000718a00000, 0x0000000718a00000|100%| E|CS|TAMS 0x0000000718800000, 0x0000000718800000| Complete 
| 115|0x0000000718a00000, 0x0000000718c00000, 0x0000000718c00000|100%| E|CS|TAMS 0x0000000718a00000, 0x0000000718a00000| Complete 
| 116|0x0000000718c00000, 0x0000000718e00000, 0x0000000718e00000|100%| E|CS|TAMS 0x0000000718c00000, 0x0000000718c00000| Complete 
| 117|0x0000000718e00000, 0x0000000719000000, 0x0000000719000000|100%| E|CS|TAMS 0x0000000718e00000, 0x0000000718e00000| Complete 
| 118|0x0000000719000000, 0x0000000719200000, 0x0000000719200000|100%| E|CS|TAMS 0x0000000719000000, 0x0000000719000000| Complete 
| 119|0x0000000719200000, 0x0000000719400000, 0x0000000719400000|100%| E|CS|TAMS 0x0000000719200000, 0x0000000719200000| Complete 
| 120|0x0000000719400000, 0x0000000719600000, 0x0000000719600000|100%| E|CS|TAMS 0x0000000719400000, 0x0000000719400000| Complete 
| 121|0x0000000719600000, 0x0000000719800000, 0x0000000719800000|100%| E|CS|TAMS 0x0000000719600000, 0x0000000719600000| Complete 
| 122|0x0000000719800000, 0x0000000719a00000, 0x0000000719a00000|100%| E|CS|TAMS 0x0000000719800000, 0x0000000719800000| Complete 

Card table byte_map: [0x0000025e2f7d0000,0x0000025e2ff80000] _byte_map_base: 0x0000025e2bf7e000

Marking Bits (Prev, Next): (CMBitMap*) 0x0000025e1c65cc40, (CMBitMap*) 0x0000025e1c65cc80
 Prev Bits: [0x0000025e30730000, 0x0000025e344a0000)
 Next Bits: [0x0000025e344a0000, 0x0000025e38210000)

Polling page: 0x0000025e1bdc0000

Metaspace:

Usage:
  Non-class:     16.80 MB used.
      Class:      2.02 MB used.
       Both:     18.82 MB used.

Virtual space:
  Non-class space:       24.00 MB reserved,      16.88 MB ( 70%) committed,  3 nodes.
      Class space:        1.00 GB reserved,       2.12 MB ( <1%) committed,  1 nodes.
             Both:        1.02 GB reserved,      19.00 MB (  2%) committed. 

Chunk freelists:
   Non-Class:  2.59 MB
       Class:  1.77 MB
        Both:  4.36 MB

MaxMetaspaceSize: unlimited
CompressedClassSpaceSize: 1.00 GB
Initial GC threshold: 21.00 MB
Current GC threshold: 21.00 MB
CDS: off
MetaspaceReclaimPolicy: balanced
 - commit_granule_bytes: 65536.
 - commit_granule_words: 8192.
 - virtual_space_node_default_size: 1048576.
 - enlarge_chunks_in_place: 1.
 - new_chunks_are_fully_committed: 0.
 - uncommit_free_chunks: 1.
 - use_allocation_guard: 0.
 - handle_deallocations: 1.


Internal statistics:

num_allocs_failed_limit: 0.
num_arena_births: 120.
num_arena_deaths: 0.
num_vsnodes_births: 4.
num_vsnodes_deaths: 0.
num_space_committed: 304.
num_space_uncommitted: 0.
num_chunks_returned_to_freelist: 0.
num_chunks_taken_from_freelist: 509.
num_chunk_merges: 0.
num_chunk_splits: 406.
num_chunks_enlarged: 346.
num_purges: 0.
num_inconsistent_stats: 0.

CodeHeap 'non-profiled nmethods': size=120000Kb used=522Kb max_used=522Kb free=119477Kb
 bounds [0x0000025e27590000, 0x0000025e27800000, 0x0000025e2eac0000]
CodeHeap 'profiled nmethods': size=120000Kb used=3025Kb max_used=3025Kb free=116974Kb
 bounds [0x0000025e1fac0000, 0x0000025e1fdc0000, 0x0000025e26ff0000]
CodeHeap 'non-nmethods': size=5760Kb used=1188Kb max_used=1208Kb free=4571Kb
 bounds [0x0000025e26ff0000, 0x0000025e27260000, 0x0000025e27590000]
 total_blobs=2105 nmethods=1621 adapters=396
 compilation: enabled
              stopped_count=0, restarted_count=0
 full_count=0

Compilation events (20 events):
Event: 1.224 Thread 0x0000025e3cc0ef20 nmethod 1580% 0x0000025e2760a390 code [0x0000025e2760a560, 0x0000025e2760b908]
Event: 1.243 Thread 0x0000025e3b895710 1607       3       java.lang.invoke.LambdaForm::uncustomize (57 bytes)
Event: 1.243 Thread 0x0000025e3b895710 nmethod 1607 0x0000025e1fdb3110 code [0x0000025e1fdb32c0, 0x0000025e1fdb35e8]
Event: 1.246 Thread 0x0000025e3b894c70 1608  s!   4       jdk.internal.loader.URLClassPath::getLoader (194 bytes)
Event: 1.246 Thread 0x0000025e3bb50420 1609   !   4       jdk.internal.loader.URLClassPath$JarLoader::ensureOpen (36 bytes)
Event: 1.247 Thread 0x0000025e3bb50420 nmethod 1609 0x0000025e2760c710 code [0x0000025e2760c880, 0x0000025e2760c918]
Event: 1.248 Thread 0x0000025e3b894c70 nmethod 1608 0x0000025e2760ca10 code [0x0000025e2760cbc0, 0x0000025e2760d2e8]
Event: 1.256 Thread 0x0000025e3bb50420 1610       4       java.util.jar.JarFile::getEntry (35 bytes)
Event: 1.256 Thread 0x0000025e3cc0ef20 1611   !   4       jdk.internal.loader.URLClassPath$JarLoader::getResource (65 bytes)
Event: 1.277 Thread 0x0000025e3b894c70 1612       4       java.lang.Character::toLowerCase (9 bytes)
Event: 1.278 Thread 0x0000025e3b894c70 nmethod 1612 0x0000025e2760d610 code [0x0000025e2760d780, 0x0000025e2760d858]
Event: 1.284 Thread 0x0000025e3b895710 1613       3       kotlin.collections.SetsKt__SetsKt::emptySet (7 bytes)
Event: 1.284 Thread 0x0000025e3b895710 nmethod 1613 0x0000025e1fdb3710 code [0x0000025e1fdb38a0, 0x0000025e1fdb3998]
Event: 1.288 Thread 0x0000025e3b894c70 1614       4       java.util.WeakHashMap::hash (28 bytes)
Event: 1.288 Thread 0x0000025e3b894c70 nmethod 1614 0x0000025e2760d990 code [0x0000025e2760db20, 0x0000025e2760dc38]
Event: 1.289 Thread 0x0000025e3b895710 1615       3       java.util.HashSet::<init> (18 bytes)
Event: 1.289 Thread 0x0000025e3b895710 nmethod 1615 0x0000025e1fdb3a10 code [0x0000025e1fdb3be0, 0x0000025e1fdb3f88]
Event: 1.292 Thread 0x0000025e3b894c70 1616       4       java.lang.String::regionMatches (150 bytes)
Event: 1.299 Thread 0x0000025e3b895710 1617       3       kotlin.collections.MapsKt__MapsJVMKt::mapCapacity (40 bytes)
Event: 1.299 Thread 0x0000025e3b895710 nmethod 1617 0x0000025e1fdb4110 code [0x0000025e1fdb42e0, 0x0000025e1fdb4558]

GC Heap History (2 events):
Event: 0.639 GC heap before
{Heap before GC invocations=0 (full 0):
 garbage-first heap   total 251904K, used 24576K [0x000000070a400000, 0x0000000800000000)
  region size 2048K, 11 young (22528K), 0 survivors (0K)
 Metaspace       used 12876K, committed 12992K, reserved 1064960K
  class space    used 1227K, committed 1280K, reserved 1048576K
}
Event: 0.642 GC heap after
{Heap after GC invocations=1 (full 0):
 garbage-first heap   total 251904K, used 6844K [0x000000070a400000, 0x0000000800000000)
  region size 2048K, 2 young (4096K), 2 survivors (4096K)
 Metaspace       used 12876K, committed 12992K, reserved 1064960K
  class space    used 1227K, committed 1280K, reserved 1048576K
}

Dll operation events (2 events):
Event: 0.010 Loaded shared library D:\Android\jbr\bin\java.dll
Event: 1.237 Loaded shared library D:\Android\jbr\bin\verify.dll

Deoptimization events (20 events):
Event: 0.738 Thread 0x0000025e1c5f1110 DEOPT PACKING pc=0x0000025e275c147c sp=0x000000eb73afc150
Event: 0.738 Thread 0x0000025e1c5f1110 DEOPT UNPACKING pc=0x0000025e270469a3 sp=0x000000eb73afc038 mode 2
Event: 0.755 Thread 0x0000025e1c5f1110 Uncommon trap: trap_request=0xffffff45 fr.pc=0x0000025e275b9fd8 relative=0x0000000000000418
Event: 0.755 Thread 0x0000025e1c5f1110 Uncommon trap: reason=unstable_if action=reinterpret pc=0x0000025e275b9fd8 method=java.util.concurrent.ConcurrentHashMap.get(Ljava/lang/Object;)Ljava/lang/Object; @ 152 c2
Event: 0.755 Thread 0x0000025e1c5f1110 DEOPT PACKING pc=0x0000025e275b9fd8 sp=0x000000eb73afc620
Event: 0.755 Thread 0x0000025e1c5f1110 DEOPT UNPACKING pc=0x0000025e270469a3 sp=0x000000eb73afc5a8 mode 2
Event: 0.898 Thread 0x0000025e1c5f1110 Uncommon trap: trap_request=0xffffffc6 fr.pc=0x0000025e275c147c relative=0x00000000000004fc
Event: 0.898 Thread 0x0000025e1c5f1110 Uncommon trap: reason=bimorphic_or_optimized_type_check action=maybe_recompile pc=0x0000025e275c147c method=kotlin.reflect.jvm.internal.impl.protobuf.CodedInputStream.tryRefillBuffer(I)Z @ 175 c2
Event: 0.898 Thread 0x0000025e1c5f1110 DEOPT PACKING pc=0x0000025e275c147c sp=0x000000eb73afbc70
Event: 0.898 Thread 0x0000025e1c5f1110 DEOPT UNPACKING pc=0x0000025e270469a3 sp=0x000000eb73afbb58 mode 2
Event: 0.968 Thread 0x0000025e1c5f1110 Uncommon trap: trap_request=0xffffff45 fr.pc=0x0000025e275b2218 relative=0x0000000000000278
Event: 0.968 Thread 0x0000025e1c5f1110 Uncommon trap: reason=unstable_if action=reinterpret pc=0x0000025e275b2218 method=java.lang.String.startsWith(Ljava/lang/String;I)Z @ 14 c2
Event: 0.968 Thread 0x0000025e1c5f1110 DEOPT PACKING pc=0x0000025e275b2218 sp=0x000000eb73afccb0
Event: 0.968 Thread 0x0000025e1c5f1110 DEOPT UNPACKING pc=0x0000025e270469a3 sp=0x000000eb73afcc10 mode 2
Event: 1.054 Thread 0x0000025e1c5f1110 DEOPT PACKING pc=0x0000025e1fd371b4 sp=0x000000eb73afe150
Event: 1.054 Thread 0x0000025e1c5f1110 DEOPT UNPACKING pc=0x0000025e27047143 sp=0x000000eb73afd720 mode 0
Event: 1.131 Thread 0x0000025e1c5f1110 Uncommon trap: trap_request=0xffffff45 fr.pc=0x0000025e275e3e54 relative=0x00000000000000b4
Event: 1.131 Thread 0x0000025e1c5f1110 Uncommon trap: reason=unstable_if action=reinterpret pc=0x0000025e275e3e54 method=java.lang.Integer.valueOf(I)Ljava/lang/Integer; @ 3 c2
Event: 1.131 Thread 0x0000025e1c5f1110 DEOPT PACKING pc=0x0000025e275e3e54 sp=0x000000eb73afcd50
Event: 1.131 Thread 0x0000025e1c5f1110 DEOPT UNPACKING pc=0x0000025e270469a3 sp=0x000000eb73afcce8 mode 2

Classes unloaded (0 events):
No events

Classes redefined (0 events):
No events

Internal exceptions (12 events):
Event: 1.006 Thread 0x0000025e1c5f1110 Exception <a 'java/lang/NoSuchMethodError'{0x0000000718bed710}: 'java.lang.Object java.lang.invoke.DirectMethodHandle$Holder.newInvokeSpecial(java.lang.Object, java.lang.Object, java.lang.Object, java.lang.Object, java.lang.Object)'> (0x0000000718bed710) 
thrown [s\src\hotspot\share\interpreter\linkResolver.cpp, line 771]
Event: 1.104 Thread 0x0000025e1c5f1110 Exception <a 'java/lang/NoSuchMethodError'{0x000000071879b6a0}: 'int java.lang.invoke.DelegatingMethodHandle$Holder.reinvoke_L(java.lang.Object, java.lang.Object, java.lang.Object, long, int, int)'> (0x000000071879b6a0) 
thrown [s\src\hotspot\share\interpreter\linkResolver.cpp, line 771]
Event: 1.106 Thread 0x0000025e1c5f1110 Exception <a 'java/lang/NoSuchMethodError'{0x00000007187aaaa8}: 'int java.lang.invoke.DelegatingMethodHandle$Holder.reinvoke_L(java.lang.Object, java.lang.Object, java.lang.Object, long, long, long)'> (0x00000007187aaaa8) 
thrown [s\src\hotspot\share\interpreter\linkResolver.cpp, line 771]
Event: 1.108 Thread 0x0000025e1c5f1110 Exception <a 'java/lang/NoSuchMethodError'{0x00000007187b96e8}: 'int java.lang.invoke.DelegatingMethodHandle$Holder.reinvoke_L(java.lang.Object, java.lang.Object, java.lang.Object, long, java.lang.Object, java.lang.Object)'> (0x00000007187b96e8) 
thrown [s\src\hotspot\share\interpreter\linkResolver.cpp, line 771]
Event: 1.109 Thread 0x0000025e1c5f1110 Exception <a 'java/lang/NoSuchMethodError'{0x00000007187c8268}: 'void java.lang.invoke.DelegatingMethodHandle$Holder.reinvoke_L(java.lang.Object, java.lang.Object, java.lang.Object, long, java.lang.Object)'> (0x00000007187c8268) 
thrown [s\src\hotspot\share\interpreter\linkResolver.cpp, line 771]
Event: 1.110 Thread 0x0000025e1c5f1110 Exception <a 'java/lang/NoSuchMethodError'{0x00000007187d01c8}: 'java.lang.Object java.lang.invoke.DirectMethodHandle$Holder.invokeSpecial(java.lang.Object, java.lang.Object, java.lang.Object, java.lang.Object, long)'> (0x00000007187d01c8) 
thrown [s\src\hotspot\share\interpreter\linkResolver.cpp, line 771]
Event: 1.112 Thread 0x0000025e1c5f1110 Exception <a 'java/lang/NoSuchMethodError'{0x00000007187e8928}: 'long java.lang.invoke.Invokers$Holder.invoke_MT(java.lang.Object, java.lang.Object, java.lang.Object, java.lang.Object)'> (0x00000007187e8928) 
thrown [s\src\hotspot\share\interpreter\linkResolver.cpp, line 771]
Event: 1.114 Thread 0x0000025e1c5f1110 Exception <a 'java/lang/NoSuchMethodError'{0x00000007187f4148}: 'int java.lang.invoke.DirectMethodHandle$Holder.invokeSpecial(java.lang.Object, java.lang.Object, java.lang.Object)'> (0x00000007187f4148) 
thrown [s\src\hotspot\share\interpreter\linkResolver.cpp, line 771]
Event: 1.114 Thread 0x0000025e1c5f1110 Exception <a 'java/lang/NoSuchMethodError'{0x00000007187f8178}: 'int java.lang.invoke.DirectMethodHandle$Holder.invokeSpecial(java.lang.Object, java.lang.Object, java.lang.Object, java.lang.Object)'> (0x00000007187f8178) 
thrown [s\src\hotspot\share\interpreter\linkResolver.cpp, line 771]
Event: 1.115 Thread 0x0000025e1c5f1110 Exception <a 'java/lang/NoSuchMethodError'{0x00000007187fb7e0}: 'int java.lang.invoke.Invokers$Holder.invoke_MT(java.lang.Object, java.lang.Object, java.lang.Object, java.lang.Object)'> (0x00000007187fb7e0) 
thrown [s\src\hotspot\share\interpreter\linkResolver.cpp, line 771]
Event: 1.118 Thread 0x0000025e1c5f1110 Exception <a 'java/lang/NoSuchMethodError'{0x000000071840b898}: 'int java.lang.invoke.DelegatingMethodHandle$Holder.reinvoke_L(java.lang.Object, java.lang.Object, java.lang.Object, long, int)'> (0x000000071840b898) 
thrown [s\src\hotspot\share\interpreter\linkResolver.cpp, line 771]
Event: 1.242 Thread 0x0000025e1c5f1110 Exception <a 'java/lang/NoSuchMethodError'{0x0000000717f762c8}: 'java.lang.Object java.lang.invoke.DirectMethodHandle$Holder.invokeStaticInit(java.lang.Object)'> (0x0000000717f762c8) 
thrown [s\src\hotspot\share\interpreter\linkResolver.cpp, line 771]

VM Operations (18 events):
Event: 0.188 Executing VM operation: HandshakeAllThreads
Event: 0.188 Executing VM operation: HandshakeAllThreads done
Event: 0.344 Executing VM operation: HandshakeAllThreads
Event: 0.344 Executing VM operation: HandshakeAllThreads done
Event: 0.489 Executing VM operation: HandshakeAllThreads
Event: 0.489 Executing VM operation: HandshakeAllThreads done
Event: 0.638 Executing VM operation: G1CollectForAllocation
Event: 0.642 Executing VM operation: G1CollectForAllocation done
Event: 0.742 Executing VM operation: HandshakeAllThreads
Event: 0.742 Executing VM operation: HandshakeAllThreads done
Event: 0.944 Executing VM operation: ICBufferFull
Event: 0.944 Executing VM operation: ICBufferFull done
Event: 1.053 Executing VM operation: HandshakeAllThreads
Event: 1.053 Executing VM operation: HandshakeAllThreads done
Event: 1.168 Executing VM operation: HandshakeAllThreads
Event: 1.168 Executing VM operation: HandshakeAllThreads done
Event: 1.241 Executing VM operation: HandshakeAllThreads
Event: 1.241 Executing VM operation: HandshakeAllThreads done

Events (20 events):
Event: 1.218 loading class java/util/regex/Pattern$SliceS
Event: 1.218 loading class java/util/regex/Pattern$SliceS done
Event: 1.219 loading class java/net/URISyntaxException
Event: 1.219 loading class java/net/URISyntaxException done
Event: 1.224 loading class java/util/Spliterators$IteratorSpliterator
Event: 1.224 loading class java/util/Spliterators$IteratorSpliterator done
Event: 1.225 loading class java/util/stream/MatchOps$MatchKind
Event: 1.225 loading class java/util/stream/MatchOps$MatchKind done
Event: 1.225 loading class java/util/stream/MatchOps
Event: 1.225 loading class java/util/stream/MatchOps done
Event: 1.225 loading class java/util/stream/MatchOps$MatchOp
Event: 1.225 loading class java/util/stream/MatchOps$MatchOp done
Event: 1.225 loading class java/util/stream/MatchOps$BooleanTerminalSink
Event: 1.225 loading class java/util/stream/MatchOps$BooleanTerminalSink done
Event: 1.226 loading class java/util/stream/MatchOps$1MatchSink
Event: 1.226 loading class java/util/stream/MatchOps$1MatchSink done
Event: 1.230 loading class java/lang/CloneNotSupportedException
Event: 1.230 loading class java/lang/CloneNotSupportedException done
Event: 1.243 loading class java/lang/ThreadLocal$SuppliedThreadLocal
Event: 1.243 loading class java/lang/ThreadLocal$SuppliedThreadLocal done


Dynamic libraries:
0x00007ff66d050000 - 0x00007ff66d05a000 	D:\Android\jbr\bin\java.exe
0x00007fffb7070000 - 0x00007fffb7268000 	C:\Windows\SYSTEM32\ntdll.dll
0x00007fffb6240000 - 0x00007fffb62fd000 	C:\Windows\System32\KERNEL32.DLL
0x00007fffb4750000 - 0x00007fffb4a46000 	C:\Windows\System32\KERNELBASE.dll
0x00007fffb4da0000 - 0x00007fffb4ea0000 	C:\Windows\System32\ucrtbase.dll
0x00007fffad680000 - 0x00007fffad69b000 	D:\Android\jbr\bin\VCRUNTIME140.dll
0x00007fffa0dc0000 - 0x00007fffa0dd7000 	D:\Android\jbr\bin\jli.dll
0x00007fffb5e90000 - 0x00007fffb602f000 	C:\Windows\System32\USER32.dll
0x00007fffb4ea0000 - 0x00007fffb4ec2000 	C:\Windows\System32\win32u.dll
0x00007fff9d8b0000 - 0x00007fff9db4a000 	C:\Windows\WinSxS\amd64_microsoft.windows.common-controls_6595b64144ccf1df_6.0.19041.3636_none_60b6a03d71f818d5\COMCTL32.dll
0x00007fffb50a0000 - 0x00007fffb50cb000 	C:\Windows\System32\GDI32.dll
0x00007fffb4af0000 - 0x00007fffb4c07000 	C:\Windows\System32\gdi32full.dll
0x00007fffb6040000 - 0x00007fffb60de000 	C:\Windows\System32\msvcrt.dll
0x00007fffb4a50000 - 0x00007fffb4aed000 	C:\Windows\System32\msvcp_win.dll
0x00007fffb50d0000 - 0x00007fffb5102000 	C:\Windows\System32\IMM32.DLL
0x00007fffaffb0000 - 0x00007fffaffbc000 	D:\Android\jbr\bin\vcruntime140_1.dll
0x00007fff88730000 - 0x00007fff887bd000 	D:\Android\jbr\bin\msvcp140.dll
0x00007fff40d00000 - 0x00007fff4196e000 	D:\Android\jbr\bin\server\jvm.dll
0x00007fffb6ee0000 - 0x00007fffb6f90000 	C:\Windows\System32\ADVAPI32.dll
0x00007fffb60f0000 - 0x00007fffb6190000 	C:\Windows\System32\sechost.dll
0x00007fffb67e0000 - 0x00007fffb6903000 	C:\Windows\System32\RPCRT4.dll
0x00007fffb4720000 - 0x00007fffb4747000 	C:\Windows\System32\bcrypt.dll
0x00007fff9f940000 - 0x00007fff9f949000 	C:\Windows\SYSTEM32\WSOCK32.dll
0x00007fffb6770000 - 0x00007fffb67db000 	C:\Windows\System32\WS2_32.dll
0x00007fffaa5b0000 - 0x00007fffaa5d7000 	C:\Windows\SYSTEM32\WINMM.dll
0x00007fffaa5e0000 - 0x00007fffaa5ea000 	C:\Windows\SYSTEM32\VERSION.dll
0x00007fffb2f40000 - 0x00007fffb2f52000 	C:\Windows\SYSTEM32\kernel.appcore.dll
0x00007fffad670000 - 0x00007fffad67a000 	D:\Android\jbr\bin\jimage.dll
0x00007fffb2340000 - 0x00007fffb2524000 	C:\Windows\SYSTEM32\DBGHELP.DLL
0x00007fffa2100000 - 0x00007fffa2134000 	C:\Windows\SYSTEM32\dbgcore.DLL
0x00007fffb4c60000 - 0x00007fffb4ce2000 	C:\Windows\System32\bcryptPrimitives.dll
0x00007fffa0df0000 - 0x00007fffa0e15000 	D:\Android\jbr\bin\java.dll
0x00007fffad350000 - 0x00007fffad368000 	D:\Android\jbr\bin\zip.dll
0x00007fffb5230000 - 0x00007fffb599b000 	C:\Windows\System32\SHELL32.dll
0x00007fffb2790000 - 0x00007fffb2f2e000 	C:\Windows\SYSTEM32\windows.storage.dll
0x00007fffb6910000 - 0x00007fffb6c63000 	C:\Windows\System32\combase.dll
0x00007fffb4150000 - 0x00007fffb417e000 	C:\Windows\SYSTEM32\Wldp.dll
0x00007fffb5d30000 - 0x00007fffb5dfd000 	C:\Windows\System32\OLEAUT32.dll
0x00007fffb6190000 - 0x00007fffb623d000 	C:\Windows\System32\SHCORE.dll
0x00007fffb6e80000 - 0x00007fffb6ed5000 	C:\Windows\System32\shlwapi.dll
0x00007fffb4650000 - 0x00007fffb4673000 	C:\Windows\SYSTEM32\profapi.dll
0x00007fffaa690000 - 0x00007fffaa6a9000 	D:\Android\jbr\bin\net.dll
0x00007fffaee70000 - 0x00007fffaef7a000 	C:\Windows\SYSTEM32\WINHTTP.dll
0x00007fffb3eb0000 - 0x00007fffb3f1a000 	C:\Windows\system32\mswsock.dll
0x00007fffa2940000 - 0x00007fffa2956000 	D:\Android\jbr\bin\nio.dll
0x00007fffad590000 - 0x00007fffad5a0000 	D:\Android\jbr\bin\verify.dll

dbghelp: loaded successfully - version: 4.0.5 - missing functions: none
symbol engine: initialized successfully - sym options: 0x614 - pdb path: .;D:\Android\jbr\bin;C:\Windows\SYSTEM32;C:\Windows\WinSxS\amd64_microsoft.windows.common-controls_6595b64144ccf1df_6.0.19041.3636_none_60b6a03d71f818d5;D:\Android\jbr\bin\server

VM Arguments:
java_command: org.jetbrains.kotlin.cli.jvm.K2JVMCompiler @C:\Users\minne\AndroidStudioProjects\AndroidProject\feature-auth-api\build\20240513_5262597035216753833.compiler.options
java_class_path (initial): C:\Users\minne\.gradle\caches\modules-2\files-2.1\org.jetbrains.kotlin\kotlin-compiler-embeddable\1.8.0\eb9118d4bcceaa2a94b2ae2a33a4ddba7c9a947f\kotlin-compiler-embeddable-1.8.0.jar;C:\Users\minne\.gradle\caches\modules-2\files-2.1\org.jetbrains.kotlin\kotlin-stdlib\1.8.0\1796921c7a3e2e2665a83e6c8d33399336cd39bc\kotlin-stdlib-1.8.0.jar;C:\Users\minne\.gradle\caches\modules-2\files-2.1\org.jetbrains.kotlin\kotlin-script-runtime\1.8.0\b2f7e760d283cb339974851c222a4c1d48f2d3d\kotlin-script-runtime-1.8.0.jar;C:\Users\minne\.gradle\caches\modules-2\files-2.1\org.jetbrains.kotlin\kotlin-reflect\1.6.10\1cbe9c92c12a94eea200d23c2bbaedaf3daf5132\kotlin-reflect-1.6.10.jar;C:\Users\minne\.gradle\caches\modules-2\files-2.1\org.jetbrains.kotlin\kotlin-daemon-embeddable\1.8.0\d255216c551685dc3a7e852b53617f5f01aaaa5c\kotlin-daemon-embeddable-1.8.0.jar;C:\Users\minne\.gradle\caches\modules-2\files-2.1\org.jetbrains.intellij.deps\trove4j\1.0.20200330\3afb14d5f9ceb459d724e907a21145e8ff394f02\trove4j-1.0.20200330.jar;C:\Users\minne\.gradle\caches\modules-2\files-2.1\net.java.dev.jna\jna\5.6.0\330f2244e9030119ab3030fc3fededc86713d9cc\jna-5.6.0.jar;C:\Users\minne\.gradle\caches\modules-2\files-2.1\org.jetbrains.kotlin\kotlin-stdlib-common\1.8.0\f7197e7cc76453ac59f8b0f8d5137cc600becd36\kotlin-stdlib-common-1.8.0.jar;C:\Users\minne\.gradle\caches\modules-2\files-2.1\org.jetbrains\annotations\13.0\919f0dfe192fb4e063e7dacadee7f8bb9a2672a9\annotations-13.0.jar
Launcher Type: SUN_STANDARD

[Global flags]
     intx CICompilerCount                          = 4                                         {product} {ergonomic}
     uint ConcGCThreads                            = 3                                         {product} {ergonomic}
     uint G1ConcRefinementThreads                  = 10                                        {product} {ergonomic}
   size_t G1HeapRegionSize                         = 2097152                                   {product} {ergonomic}
    uintx GCDrainStackTargetSize                   = 64                                        {product} {ergonomic}
   size_t InitialHeapSize                          = 257949696                                 {product} {ergonomic}
   size_t MarkStackSize                            = 4194304                                   {product} {ergonomic}
   size_t MaxHeapSize                              = 4123000832                                {product} {ergonomic}
   size_t MaxNewSize                               = 2472542208                                {product} {ergonomic}
   size_t MinHeapDeltaBytes                        = 2097152                                   {product} {ergonomic}
   size_t MinHeapSize                              = 8388608                                   {product} {ergonomic}
    uintx NonNMethodCodeHeapSize                   = 5839372                                {pd product} {ergonomic}
    uintx NonProfiledCodeHeapSize                  = 122909434                              {pd product} {ergonomic}
    uintx ProfiledCodeHeapSize                     = 122909434                              {pd product} {ergonomic}
    uintx ReservedCodeCacheSize                    = 251658240                              {pd product} {ergonomic}
     bool SegmentedCodeCache                       = true                                      {product} {ergonomic}
   size_t SoftMaxHeapSize                          = 4123000832                             {manageable} {ergonomic}
     bool UseCompressedClassPointers               = true                           {product lp64_product} {ergonomic}
     bool UseCompressedOops                        = true                           {product lp64_product} {ergonomic}
     bool UseG1GC                                  = true                                      {product} {ergonomic}
     bool UseLargePagesIndividualAllocation        = false                                  {pd product} {ergonomic}

Logging:
Log output configuration:
 #0: stdout all=warning uptime,level,tags
 #1: stderr all=off uptime,level,tags

Environment Variables:
JAVA_HOME=C:\Program Files\Java\jdk-20
PATH=C:\Program Files (x86)\NVIDIA Corporation\PhysX\Common;C:\Windows\system32;C:\Windows;C:\Windows\System32\Wbem;C:\Windows\System32\WindowsPowerShell\v1.0\;C:\Windows\System32\OpenSSH\;C:\Program Files\Java\jdk-20\bin;C:\Program Files\Git\cmd;C:\Program Files\PostgreSQL\15\bin\;C:\Users\minne\AppData\Local\Programs\Python\Launcher\;C:\Users\minne\AppData\Local\Microsoft\WindowsApps;C:\Users\minne\AppData\Local\Programs\Python\Python312;C:\Users\minne\AppData\Local\Programs\Python\Python312\Scripts;D:\Microsoft VS Code\bin
USERNAME=minne
OS=Windows_NT
PROCESSOR_IDENTIFIER=AMD64 Family 23 Model 104 Stepping 1, AuthenticAMD
TMP=C:\Users\minne\AppData\Local\Temp
TEMP=C:\Users\minne\AppData\Local\Temp


JNI global refs:
JNI global refs: 9, weak refs: 0

JNI global refs memory usage: 843, weak refs: 841


---------------  S Y S T E M  ---------------

OS:
 Windows 10 , 64 bit Build 19041 (10.0.19041.3636)
OS uptime: 5 days 0:04 hours

CPU: total 12 (initial active 12) (12 cores per cpu, 2 threads per core) family 23 model 104 stepping 1 microcode 0x0, cx8, cmov, fxsr, ht, mmx, 3dnowpref, sse, sse2, sse3, ssse3, sse4a, sse4.1, sse4.2, popcnt, lzcnt, tsc, tscinvbit, avx, avx2, aes, clmul, bmi1, bmi2, adx, sha, fma, vzeroupper, clflush, clflushopt

Memory: 4k page, system-wide physical 15722M (2219M free)
TotalPageFile size 28143M (AvailPageFile size 193M)
current process WorkingSet (physical memory assigned to process): 98M, peak: 98M
current process commit charge ("private bytes"): 360M, peak: 360M

vm_info: OpenJDK 64-Bit Server VM (17.0.6+0-b2043.56-10027231) for windows-amd64 JRE (17.0.6+0-b2043.56-10027231), built on Apr 28 2023 00:43:19 by "androidbuild" with MS VC++ 16.10 / 16.11 (VS2019)

END.
