#
# There is insufficient memory for the Java Runtime Environment to continue.
# Native memory allocation (mmap) failed to map 257949696 bytes for G1 virtual space
# Possible reasons:
#   The system is out of physical RAM or swap space
#   The process is running with CompressedOops enabled, and the Java Heap may be blocking the growth of the native heap
# Possible solutions:
#   Reduce memory load on the system
#   Increase physical memory or swap space
#   Check if swap backing store is full
#   Decrease Java heap size (-Xmx/-Xms)
#   Decrease number of Java threads
#   Decrease Java thread stack sizes (-Xss)
#   Set larger code cache with -XX:ReservedCodeCacheSize=
#   JVM is running with Zero Based Compressed Oops mode in which the Java heap is
#     placed in the first 32GB address space. The Java Heap base address is the
#     maximum limit for the native heap growth. Please use -XX:HeapBaseMinAddress
#     to set the Java Heap base and to place the Java Heap above 32GB virtual address.
# This output file may be truncated or incomplete.
#
#  Out of Memory Error (os_windows.cpp:3769), pid=16140, tid=14452
#
# JRE version:  (17.0.6) (build )
# Java VM: OpenJDK 64-Bit Server VM (17.0.6+0-b2043.56-10027231, mixed mode, sharing, tiered, compressed oops, compressed class ptrs, g1 gc, windows-amd64)
# No core dump will be written. Minidumps are not enabled by default on client versions of Windows
#

---------------  S U M M A R Y ------------

Command Line: org.jetbrains.kotlin.cli.jvm.K2JVMCompiler @C:\Users\minne\AndroidStudioProjects\AndroidProject\feature-schedule-api\build\20240513_11954850792572042430.compiler.options

Host: AMD Ryzen 5 5500U with Radeon Graphics         , 12 cores, 15G,  Windows 10 , 64 bit Build 19041 (10.0.19041.3636)
Time: Mon May 13 02:57:49 2024 RTZ 4 (s 10 , 64 bit Build 19041 (10.0.19041.3636) elapsed time: 0.017538 seconds (0d 0h 0m 0s)

---------------  T H R E A D  ---------------

Current thread (0x000002876fe340b0):  JavaThread "Unknown thread" [_thread_in_vm, id=14452, stack(0x000000d248700000,0x000000d248800000)]

Stack: [0x000000d248700000,0x000000d248800000]
Native frames: (J=compiled Java code, j=interpreted, Vv=VM code, C=native code)
V  [jvm.dll+0x683c9a]
V  [jvm.dll+0x8427a4]
V  [jvm.dll+0x843f9e]
V  [jvm.dll+0x844603]
V  [jvm.dll+0x249b75]
V  [jvm.dll+0x680b69]
V  [jvm.dll+0x67505a]
V  [jvm.dll+0x309acb]
V  [jvm.dll+0x310f86]
V  [jvm.dll+0x3608ee]
V  [jvm.dll+0x360b1f]
V  [jvm.dll+0x2dfbf8]
V  [jvm.dll+0x2e0b64]
V  [jvm.dll+0x814091]
V  [jvm.dll+0x36e6a1]
V  [jvm.dll+0x7f35cc]
V  [jvm.dll+0x3f0e8f]
V  [jvm.dll+0x3f29d1]
C  [jli.dll+0x526b]
C  [ucrtbase.dll+0x21bb2]
C  [KERNEL32.DLL+0x17344]
C  [ntdll.dll+0x526b1]


---------------  P R O C E S S  ---------------

Threads class SMR info:
_java_thread_list=0x00007fff4183c058, length=0, elements={
}

Java Threads: ( => current thread )

Other Threads:
  0x000002876fe9e750 GCTaskThread "GC Thread#0" [stack: 0x000000d248800000,0x000000d248900000] [id=8496]
  0x000002876feaec50 ConcurrentGCThread "G1 Main Marker" [stack: 0x000000d248900000,0x000000d248a00000] [id=10616]
  0x000002876feb1570 ConcurrentGCThread "G1 Conc#0" [stack: 0x000000d248a00000,0x000000d248b00000] [id=4056]

[error occurred during error reporting (printing all threads), id 0xc0000005, EXCEPTION_ACCESS_VIOLATION (0xc0000005) at pc=0x00007fff40ff0797]

VM state: not at safepoint (not fully initialized)

VM Mutex/Monitor currently owned by a thread:  ([mutex/lock_event])
[0x000002876fe2ecb0] Heap_lock - owner thread: 0x000002876fe340b0

Heap address: 0x000000070a400000, size: 3932 MB, Compressed Oops mode: Zero based, Oop shift amount: 3

CDS archive(s) mapped at: [0x0000000000000000-0x0000000000000000-0x0000000000000000), size 0, SharedBaseAddress: 0x0000000800000000, ArchiveRelocationMode: 0.
Narrow klass base: 0x0000000000000000, Narrow klass shift: 0, Narrow klass range: 0x0

GC Precious Log:
<Empty>

Heap:
 garbage-first heap   total 0K, used 0K [0x000000070a400000, 0x0000000800000000)
  region size 2048K, 0 young (0K), 0 survivors (0K)

[error occurred during error reporting (printing heap information), id 0xc0000005, EXCEPTION_ACCESS_VIOLATION (0xc0000005) at pc=0x00007fff413dda89]

GC Heap History (0 events):
No events

Dll operation events (1 events):
Event: 0.009 Loaded shared library D:\Android\jbr\bin\java.dll

Deoptimization events (0 events):
No events

Classes unloaded (0 events):
No events

Classes redefined (0 events):
No events

Internal exceptions (0 events):
No events

VM Operations (0 events):
No events

Events (0 events):
No events


Dynamic libraries:
0x00007ff66d050000 - 0x00007ff66d05a000 	D:\Android\jbr\bin\java.exe
0x00007fffb7070000 - 0x00007fffb7268000 	C:\Windows\SYSTEM32\ntdll.dll
0x00007fffb6240000 - 0x00007fffb62fd000 	C:\Windows\System32\KERNEL32.DLL
0x00007fffb4750000 - 0x00007fffb4a46000 	C:\Windows\System32\KERNELBASE.dll
0x00007fffb4da0000 - 0x00007fffb4ea0000 	C:\Windows\System32\ucrtbase.dll
0x00007fffad680000 - 0x00007fffad69b000 	D:\Android\jbr\bin\VCRUNTIME140.dll
0x00007fffa0dc0000 - 0x00007fffa0dd7000 	D:\Android\jbr\bin\jli.dll
0x00007fffb5e90000 - 0x00007fffb602f000 	C:\Windows\System32\USER32.dll
0x00007fffb4ea0000 - 0x00007fffb4ec2000 	C:\Windows\System32\win32u.dll
0x00007fff9d8b0000 - 0x00007fff9db4a000 	C:\Windows\WinSxS\amd64_microsoft.windows.common-controls_6595b64144ccf1df_6.0.19041.3636_none_60b6a03d71f818d5\COMCTL32.dll
0x00007fffb50a0000 - 0x00007fffb50cb000 	C:\Windows\System32\GDI32.dll
0x00007fffb6040000 - 0x00007fffb60de000 	C:\Windows\System32\msvcrt.dll
0x00007fffb4af0000 - 0x00007fffb4c07000 	C:\Windows\System32\gdi32full.dll
0x00007fffb4a50000 - 0x00007fffb4aed000 	C:\Windows\System32\msvcp_win.dll
0x00007fffb50d0000 - 0x00007fffb5102000 	C:\Windows\System32\IMM32.DLL
0x00007fffaffb0000 - 0x00007fffaffbc000 	D:\Android\jbr\bin\vcruntime140_1.dll
0x00007fff88730000 - 0x00007fff887bd000 	D:\Android\jbr\bin\msvcp140.dll
0x00007fff40d00000 - 0x00007fff4196e000 	D:\Android\jbr\bin\server\jvm.dll
0x00007fffb6ee0000 - 0x00007fffb6f90000 	C:\Windows\System32\ADVAPI32.dll
0x00007fffb60f0000 - 0x00007fffb6190000 	C:\Windows\System32\sechost.dll
0x00007fffb67e0000 - 0x00007fffb6903000 	C:\Windows\System32\RPCRT4.dll
0x00007fffb4720000 - 0x00007fffb4747000 	C:\Windows\System32\bcrypt.dll
0x00007fff9f940000 - 0x00007fff9f949000 	C:\Windows\SYSTEM32\WSOCK32.dll
0x00007fffb6770000 - 0x00007fffb67db000 	C:\Windows\System32\WS2_32.dll
0x00007fffaa5e0000 - 0x00007fffaa5ea000 	C:\Windows\SYSTEM32\VERSION.dll
0x00007fffaa5b0000 - 0x00007fffaa5d7000 	C:\Windows\SYSTEM32\WINMM.dll
0x00007fffb2f40000 - 0x00007fffb2f52000 	C:\Windows\SYSTEM32\kernel.appcore.dll
0x00007fffad670000 - 0x00007fffad67a000 	D:\Android\jbr\bin\jimage.dll
0x00007fffb2340000 - 0x00007fffb2524000 	C:\Windows\SYSTEM32\DBGHELP.DLL
0x00007fffa2100000 - 0x00007fffa2134000 	C:\Windows\SYSTEM32\dbgcore.DLL
0x00007fffb4c60000 - 0x00007fffb4ce2000 	C:\Windows\System32\bcryptPrimitives.dll
0x00007fffa0df0000 - 0x00007fffa0e15000 	D:\Android\jbr\bin\java.dll

dbghelp: loaded successfully - version: 4.0.5 - missing functions: none
symbol engine: initialized successfully - sym options: 0x614 - pdb path: .;D:\Android\jbr\bin;C:\Windows\SYSTEM32;C:\Windows\WinSxS\amd64_microsoft.windows.common-controls_6595b64144ccf1df_6.0.19041.3636_none_60b6a03d71f818d5;D:\Android\jbr\bin\server

VM Arguments:
java_command: org.jetbrains.kotlin.cli.jvm.K2JVMCompiler @C:\Users\minne\AndroidStudioProjects\AndroidProject\feature-schedule-api\build\20240513_11954850792572042430.compiler.options
java_class_path (initial): C:\Users\minne\.gradle\caches\modules-2\files-2.1\org.jetbrains.kotlin\kotlin-compiler-embeddable\1.8.0\eb9118d4bcceaa2a94b2ae2a33a4ddba7c9a947f\kotlin-compiler-embeddable-1.8.0.jar;C:\Users\minne\.gradle\caches\modules-2\files-2.1\org.jetbrains.kotlin\kotlin-stdlib\1.8.0\1796921c7a3e2e2665a83e6c8d33399336cd39bc\kotlin-stdlib-1.8.0.jar;C:\Users\minne\.gradle\caches\modules-2\files-2.1\org.jetbrains.kotlin\kotlin-script-runtime\1.8.0\b2f7e760d283cb339974851c222a4c1d48f2d3d\kotlin-script-runtime-1.8.0.jar;C:\Users\minne\.gradle\caches\modules-2\files-2.1\org.jetbrains.kotlin\kotlin-reflect\1.6.10\1cbe9c92c12a94eea200d23c2bbaedaf3daf5132\kotlin-reflect-1.6.10.jar;C:\Users\minne\.gradle\caches\modules-2\files-2.1\org.jetbrains.kotlin\kotlin-daemon-embeddable\1.8.0\d255216c551685dc3a7e852b53617f5f01aaaa5c\kotlin-daemon-embeddable-1.8.0.jar;C:\Users\minne\.gradle\caches\modules-2\files-2.1\org.jetbrains.intellij.deps\trove4j\1.0.20200330\3afb14d5f9ceb459d724e907a21145e8ff394f02\trove4j-1.0.20200330.jar;C:\Users\minne\.gradle\caches\modules-2\files-2.1\net.java.dev.jna\jna\5.6.0\330f2244e9030119ab3030fc3fededc86713d9cc\jna-5.6.0.jar;C:\Users\minne\.gradle\caches\modules-2\files-2.1\org.jetbrains.kotlin\kotlin-stdlib-common\1.8.0\f7197e7cc76453ac59f8b0f8d5137cc600becd36\kotlin-stdlib-common-1.8.0.jar;C:\Users\minne\.gradle\caches\modules-2\files-2.1\org.jetbrains\annotations\13.0\919f0dfe192fb4e063e7dacadee7f8bb9a2672a9\annotations-13.0.jar
Launcher Type: SUN_STANDARD

[Global flags]
     intx CICompilerCount                          = 4                                         {product} {ergonomic}
     uint ConcGCThreads                            = 3                                         {product} {ergonomic}
     uint G1ConcRefinementThreads                  = 10                                        {product} {ergonomic}
   size_t G1HeapRegionSize                         = 2097152                                   {product} {ergonomic}
    uintx GCDrainStackTargetSize                   = 64                                        {product} {ergonomic}
   size_t InitialHeapSize                          = 257949696                                 {product} {ergonomic}
   size_t MarkStackSize                            = 4194304                                   {product} {ergonomic}
   size_t MaxHeapSize                              = 4123000832                                {product} {ergonomic}
   size_t MinHeapDeltaBytes                        = 2097152                                   {product} {ergonomic}
   size_t MinHeapSize                              = 8388608                                   {product} {ergonomic}
    uintx NonNMethodCodeHeapSize                   = 5839372                                {pd product} {ergonomic}
    uintx NonProfiledCodeHeapSize                  = 122909434                              {pd product} {ergonomic}
    uintx ProfiledCodeHeapSize                     = 122909434                              {pd product} {ergonomic}
    uintx ReservedCodeCacheSize                    = 251658240                              {pd product} {ergonomic}
     bool SegmentedCodeCache                       = true                                      {product} {ergonomic}
   size_t SoftMaxHeapSize                          = 4123000832                             {manageable} {ergonomic}
     bool UseCompressedClassPointers               = true                           {product lp64_product} {ergonomic}
     bool UseCompressedOops                        = true                           {product lp64_product} {ergonomic}
     bool UseG1GC                                  = true                                      {product} {ergonomic}
     bool UseLargePagesIndividualAllocation        = false                                  {pd product} {ergonomic}

Logging:
Log output configuration:
 #0: stdout all=warning uptime,level,tags
 #1: stderr all=off uptime,level,tags

Environment Variables:
JAVA_HOME=C:\Program Files\Java\jdk-20
PATH=C:\Program Files (x86)\NVIDIA Corporation\PhysX\Common;C:\Windows\system32;C:\Windows;C:\Windows\System32\Wbem;C:\Windows\System32\WindowsPowerShell\v1.0\;C:\Windows\System32\OpenSSH\;C:\Program Files\Java\jdk-20\bin;C:\Program Files\Git\cmd;C:\Program Files\PostgreSQL\15\bin\;C:\Users\minne\AppData\Local\Programs\Python\Launcher\;C:\Users\minne\AppData\Local\Microsoft\WindowsApps;C:\Users\minne\AppData\Local\Programs\Python\Python312;C:\Users\minne\AppData\Local\Programs\Python\Python312\Scripts;D:\Microsoft VS Code\bin
USERNAME=minne
OS=Windows_NT
PROCESSOR_IDENTIFIER=AMD64 Family 23 Model 104 Stepping 1, AuthenticAMD
TMP=C:\Users\minne\AppData\Local\Temp
TEMP=C:\Users\minne\AppData\Local\Temp


JNI global refs:

[error occurred during error reporting (JNI global references), id 0xc0000005, EXCEPTION_ACCESS_VIOLATION (0xc0000005) at pc=0x00007fff40db7a10]


---------------  S Y S T E M  ---------------

OS:
 Windows 10 , 64 bit Build 19041 (10.0.19041.3636)
OS uptime: 5 days 0:04 hours

CPU: total 12 (initial active 12) (12 cores per cpu, 2 threads per core) family 23 model 104 stepping 1 microcode 0x0, cx8, cmov, fxsr, ht, mmx, 3dnowpref, sse, sse2, sse3, ssse3, sse4a, sse4.1, sse4.2, popcnt, lzcnt, tsc, tscinvbit, avx, avx2, aes, clmul, bmi1, bmi2, adx, sha, fma, vzeroupper, clflush, clflushopt

Memory: 4k page, system-wide physical 15722M (2320M free)
TotalPageFile size 28143M (AvailPageFile size 10M)
current process WorkingSet (physical memory assigned to process): 10M, peak: 10M
current process commit charge ("private bytes"): 64M, peak: 310M

vm_info: OpenJDK 64-Bit Server VM (17.0.6+0-b2043.56-10027231) for windows-amd64 JRE (17.0.6+0-b2043.56-10027231), built on Apr 28 2023 00:43:19 by "androidbuild" with MS VC++ 16.10 / 16.11 (VS2019)

END.
