#
# There is insufficient memory for the Java Runtime Environment to continue.
# Native memory allocation (mmap) failed to map 257949696 bytes for G1 virtual space
# Possible reasons:
#   The system is out of physical RAM or swap space
#   The process is running with CompressedOops enabled, and the Java Heap may be blocking the growth of the native heap
# Possible solutions:
#   Reduce memory load on the system
#   Increase physical memory or swap space
#   Check if swap backing store is full
#   Decrease Java heap size (-Xmx/-Xms)
#   Decrease number of Java threads
#   Decrease Java thread stack sizes (-Xss)
#   Set larger code cache with -XX:ReservedCodeCacheSize=
#   JVM is running with Zero Based Compressed Oops mode in which the Java heap is
#     placed in the first 32GB address space. The Java Heap base address is the
#     maximum limit for the native heap growth. Please use -XX:HeapBaseMinAddress
#     to set the Java Heap base and to place the Java Heap above 32GB virtual address.
# This output file may be truncated or incomplete.
#
#  Out of Memory Error (os_windows.cpp:3769), pid=14612, tid=9648
#
# JRE version:  (17.0.6) (build )
# Java VM: OpenJDK 64-Bit Server VM (17.0.6+0-b2043.56-10027231, mixed mode, sharing, tiered, compressed oops, compressed class ptrs, g1 gc, windows-amd64)
# No core dump will be written. Minidumps are not enabled by default on client versions of Windows
#

---------------  S U M M A R Y ------------

Command Line: org.jetbrains.kotlin.cli.jvm.K2JVMCompiler @C:\Users\minne\AndroidStudioProjects\AndroidProject\room-api\build\20240602_12260521366976370061.compiler.options

Host: AMD Ryzen 5 5500U with Radeon Graphics         , 12 cores, 15G,  Windows 10 , 64 bit Build 19041 (10.0.19041.3636)
Time: Sun Jun  2 16:57:53 2024 RTZ 2 (s 10 , 64 bit Build 19041 (10.0.19041.3636) elapsed time: 0.078993 seconds (0d 0h 0m 0s)

---------------  T H R E A D  ---------------

Current thread (0x000002d164f060c0):  JavaThread "Unknown thread" [_thread_in_vm, id=9648, stack(0x000000d6fc100000,0x000000d6fc200000)]

Stack: [0x000000d6fc100000,0x000000d6fc200000]
Native frames: (J=compiled Java code, j=interpreted, Vv=VM code, C=native code)
V  [jvm.dll+0x683c9a]
V  [jvm.dll+0x8427a4]
V  [jvm.dll+0x843f9e]
V  [jvm.dll+0x844603]
V  [jvm.dll+0x249b75]
V  [jvm.dll+0x680b69]
V  [jvm.dll+0x67505a]
V  [jvm.dll+0x309acb]
V  [jvm.dll+0x310f86]
V  [jvm.dll+0x3608ee]
V  [jvm.dll+0x360b1f]
V  [jvm.dll+0x2dfbf8]
V  [jvm.dll+0x2e0b64]
V  [jvm.dll+0x814091]
V  [jvm.dll+0x36e6a1]
V  [jvm.dll+0x7f35cc]
V  [jvm.dll+0x3f0e8f]
V  [jvm.dll+0x3f29d1]
C  [jli.dll+0x526b]
C  [ucrtbase.dll+0x21bb2]
C  [KERNEL32.DLL+0x17344]
C  [ntdll.dll+0x526b1]


---------------  P R O C E S S  ---------------

Threads class SMR info:
_java_thread_list=0x00007ffc0dd4c058, length=0, elements={
}

Java Threads: ( => current thread )

Other Threads:
  0x000002d164f709c0 GCTaskThread "GC Thread#0" [stack: 0x000000d6fc200000,0x000000d6fc300000] [id=15536]
  0x000002d164f80ed0 ConcurrentGCThread "G1 Main Marker" [stack: 0x000000d6fc300000,0x000000d6fc400000] [id=17224]
  0x000002d164f818e0 ConcurrentGCThread "G1 Conc#0" [stack: 0x000000d6fc400000,0x000000d6fc500000] [id=12408]

[error occurred during error reporting (printing all threads), id 0xc0000005, EXCEPTION_ACCESS_VIOLATION (0xc0000005) at pc=0x00007ffc0d500797]

VM state: not at safepoint (not fully initialized)

VM Mutex/Monitor currently owned by a thread:  ([mutex/lock_event])
[0x000002d164f01370] Heap_lock - owner thread: 0x000002d164f060c0

Heap address: 0x000000070a400000, size: 3932 MB, Compressed Oops mode: Zero based, Oop shift amount: 3

CDS archive(s) mapped at: [0x0000000000000000-0x0000000000000000-0x0000000000000000), size 0, SharedBaseAddress: 0x0000000800000000, ArchiveRelocationMode: 0.
Narrow klass base: 0x0000000000000000, Narrow klass shift: 0, Narrow klass range: 0x0

GC Precious Log:
<Empty>

Heap:
 garbage-first heap   total 0K, used 0K [0x000000070a400000, 0x0000000800000000)
  region size 2048K, 0 young (0K), 0 survivors (0K)

[error occurred during error reporting (printing heap information), id 0xc0000005, EXCEPTION_ACCESS_VIOLATION (0xc0000005) at pc=0x00007ffc0d8eda89]

GC Heap History (0 events):
No events

Dll operation events (1 events):
Event: 0.075 Loaded shared library D:\Android\jbr\bin\java.dll

Deoptimization events (0 events):
No events

Classes unloaded (0 events):
No events

Classes redefined (0 events):
No events

Internal exceptions (0 events):
No events

VM Operations (0 events):
No events

Events (0 events):
No events


Dynamic libraries:
0x00007ff7185c0000 - 0x00007ff7185ca000 	D:\Android\jbr\bin\java.exe
0x00007ffc43a30000 - 0x00007ffc43c28000 	C:\Windows\SYSTEM32\ntdll.dll
0x00007ffc42b10000 - 0x00007ffc42bcd000 	C:\Windows\System32\KERNEL32.DLL
0x00007ffc41360000 - 0x00007ffc41656000 	C:\Windows\System32\KERNELBASE.dll
0x00007ffc418f0000 - 0x00007ffc419f0000 	C:\Windows\System32\ucrtbase.dll
0x00007ffc38c00000 - 0x00007ffc38c17000 	D:\Android\jbr\bin\jli.dll
0x00007ffc39a40000 - 0x00007ffc39a5b000 	D:\Android\jbr\bin\VCRUNTIME140.dll
0x00007ffc420c0000 - 0x00007ffc4225f000 	C:\Windows\System32\USER32.dll
0x00007ffc40470000 - 0x00007ffc4070a000 	C:\Windows\WinSxS\amd64_microsoft.windows.common-controls_6595b64144ccf1df_6.0.19041.4355_none_60b8b9eb71f62e16\COMCTL32.dll
0x00007ffc43950000 - 0x00007ffc439ee000 	C:\Windows\System32\msvcrt.dll
0x00007ffc42370000 - 0x00007ffc4239b000 	C:\Windows\System32\GDI32.dll
0x00007ffc41660000 - 0x00007ffc41682000 	C:\Windows\System32\win32u.dll
0x00007ffc41240000 - 0x00007ffc41357000 	C:\Windows\System32\gdi32full.dll
0x00007ffc41690000 - 0x00007ffc4172d000 	C:\Windows\System32\msvcp_win.dll
0x00007ffc41af0000 - 0x00007ffc41b22000 	C:\Windows\System32\IMM32.DLL
0x00007ffc3c420000 - 0x00007ffc3c42c000 	D:\Android\jbr\bin\vcruntime140_1.dll
0x00007ffc16ac0000 - 0x00007ffc16b4d000 	D:\Android\jbr\bin\msvcp140.dll
0x00007ffc0d210000 - 0x00007ffc0de7e000 	D:\Android\jbr\bin\server\jvm.dll
0x00007ffc41b30000 - 0x00007ffc41be0000 	C:\Windows\System32\ADVAPI32.dll
0x00007ffc42000000 - 0x00007ffc420a0000 	C:\Windows\System32\sechost.dll
0x00007ffc41d70000 - 0x00007ffc41e93000 	C:\Windows\System32\RPCRT4.dll
0x00007ffc418c0000 - 0x00007ffc418e7000 	C:\Windows\System32\bcrypt.dll
0x00007ffc36520000 - 0x00007ffc36547000 	C:\Windows\SYSTEM32\WINMM.dll
0x00007ffc36f10000 - 0x00007ffc36f1a000 	C:\Windows\SYSTEM32\VERSION.dll
0x00007ffc2b3c0000 - 0x00007ffc2b3c9000 	C:\Windows\SYSTEM32\WSOCK32.dll
0x00007ffc436b0000 - 0x00007ffc4371b000 	C:\Windows\System32\ws2_32.DLL
0x00007ffc3f270000 - 0x00007ffc3f282000 	C:\Windows\SYSTEM32\kernel.appcore.dll
0x00007ffc3e120000 - 0x00007ffc3e12a000 	D:\Android\jbr\bin\jimage.dll
0x00007ffc40ae0000 - 0x00007ffc40cc4000 	C:\Windows\SYSTEM32\DBGHELP.DLL
0x00007ffc40a20000 - 0x00007ffc40a54000 	C:\Windows\SYSTEM32\dbgcore.DLL
0x00007ffc41780000 - 0x00007ffc41802000 	C:\Windows\System32\bcryptPrimitives.dll
0x00007ffc399f0000 - 0x00007ffc39a15000 	D:\Android\jbr\bin\java.dll

dbghelp: loaded successfully - version: 4.0.5 - missing functions: none
symbol engine: initialized successfully - sym options: 0x614 - pdb path: .;D:\Android\jbr\bin;C:\Windows\SYSTEM32;C:\Windows\WinSxS\amd64_microsoft.windows.common-controls_6595b64144ccf1df_6.0.19041.4355_none_60b8b9eb71f62e16;D:\Android\jbr\bin\server

VM Arguments:
java_command: org.jetbrains.kotlin.cli.jvm.K2JVMCompiler @C:\Users\minne\AndroidStudioProjects\AndroidProject\room-api\build\20240602_12260521366976370061.compiler.options
java_class_path (initial): C:\Users\minne\.gradle\caches\modules-2\files-2.1\org.jetbrains.kotlin\kotlin-compiler-embeddable\1.8.0\eb9118d4bcceaa2a94b2ae2a33a4ddba7c9a947f\kotlin-compiler-embeddable-1.8.0.jar;C:\Users\minne\.gradle\caches\modules-2\files-2.1\org.jetbrains.kotlin\kotlin-stdlib\1.8.0\1796921c7a3e2e2665a83e6c8d33399336cd39bc\kotlin-stdlib-1.8.0.jar;C:\Users\minne\.gradle\caches\modules-2\files-2.1\org.jetbrains.kotlin\kotlin-script-runtime\1.8.0\b2f7e760d283cb339974851c222a4c1d48f2d3d\kotlin-script-runtime-1.8.0.jar;C:\Users\minne\.gradle\caches\modules-2\files-2.1\org.jetbrains.kotlin\kotlin-reflect\1.6.10\1cbe9c92c12a94eea200d23c2bbaedaf3daf5132\kotlin-reflect-1.6.10.jar;C:\Users\minne\.gradle\caches\modules-2\files-2.1\org.jetbrains.kotlin\kotlin-daemon-embeddable\1.8.0\d255216c551685dc3a7e852b53617f5f01aaaa5c\kotlin-daemon-embeddable-1.8.0.jar;C:\Users\minne\.gradle\caches\modules-2\files-2.1\org.jetbrains.intellij.deps\trove4j\1.0.20200330\3afb14d5f9ceb459d724e907a21145e8ff394f02\trove4j-1.0.20200330.jar;C:\Users\minne\.gradle\caches\modules-2\files-2.1\net.java.dev.jna\jna\5.6.0\330f2244e9030119ab3030fc3fededc86713d9cc\jna-5.6.0.jar;C:\Users\minne\.gradle\caches\modules-2\files-2.1\org.jetbrains.kotlin\kotlin-stdlib-common\1.8.0\f7197e7cc76453ac59f8b0f8d5137cc600becd36\kotlin-stdlib-common-1.8.0.jar;C:\Users\minne\.gradle\caches\modules-2\files-2.1\org.jetbrains\annotations\13.0\919f0dfe192fb4e063e7dacadee7f8bb9a2672a9\annotations-13.0.jar
Launcher Type: SUN_STANDARD

[Global flags]
     intx CICompilerCount                          = 4                                         {product} {ergonomic}
     uint ConcGCThreads                            = 3                                         {product} {ergonomic}
     uint G1ConcRefinementThreads                  = 10                                        {product} {ergonomic}
   size_t G1HeapRegionSize                         = 2097152                                   {product} {ergonomic}
    uintx GCDrainStackTargetSize                   = 64                                        {product} {ergonomic}
   size_t InitialHeapSize                          = 257949696                                 {product} {ergonomic}
   size_t MarkStackSize                            = 4194304                                   {product} {ergonomic}
   size_t MaxHeapSize                              = 4123000832                                {product} {ergonomic}
   size_t MinHeapDeltaBytes                        = 2097152                                   {product} {ergonomic}
   size_t MinHeapSize                              = 8388608                                   {product} {ergonomic}
    uintx NonNMethodCodeHeapSize                   = 5839372                                {pd product} {ergonomic}
    uintx NonProfiledCodeHeapSize                  = 122909434                              {pd product} {ergonomic}
    uintx ProfiledCodeHeapSize                     = 122909434                              {pd product} {ergonomic}
    uintx ReservedCodeCacheSize                    = 251658240                              {pd product} {ergonomic}
     bool SegmentedCodeCache                       = true                                      {product} {ergonomic}
   size_t SoftMaxHeapSize                          = 4123000832                             {manageable} {ergonomic}
     bool UseCompressedClassPointers               = true                           {product lp64_product} {ergonomic}
     bool UseCompressedOops                        = true                           {product lp64_product} {ergonomic}
     bool UseG1GC                                  = true                                      {product} {ergonomic}
     bool UseLargePagesIndividualAllocation        = false                                  {pd product} {ergonomic}

Logging:
Log output configuration:
 #0: stdout all=warning uptime,level,tags
 #1: stderr all=off uptime,level,tags

Environment Variables:
JAVA_HOME=C:\Program Files\Java\jdk-20
PATH=C:\Program Files\Common Files\Oracle\Java\javapath;C:\Program Files (x86)\NVIDIA Corporation\PhysX\Common;C:\Windows\system32;C:\Windows;C:\Windows\System32\Wbem;C:\Windows\System32\WindowsPowerShell\v1.0\;C:\Windows\System32\OpenSSH\;C:\Program Files\Java\jdk-20\bin;C:\Program Files\Git\cmd;C:\Program Files\PostgreSQL\15\bin\;C:\Users\minne\AppData\Local\Programs\Python\Launcher\;C:\Users\minne\AppData\Local\Microsoft\WindowsApps;C:\Users\minne\AppData\Local\Programs\Python\Python312;C:\Users\minne\AppData\Local\Programs\Python\Python312\Scripts;D:\Microsoft VS Code\bin;C:\Users\minne\AppData\Local\Programs\Python\Python312\Scripts\cmake.exe;
USERNAME=minne
OS=Windows_NT
PROCESSOR_IDENTIFIER=AMD64 Family 23 Model 104 Stepping 1, AuthenticAMD
TMP=C:\Users\minne\AppData\Local\Temp
TEMP=C:\Users\minne\AppData\Local\Temp


JNI global refs:

[error occurred during error reporting (JNI global references), id 0xc0000005, EXCEPTION_ACCESS_VIOLATION (0xc0000005) at pc=0x00007ffc0d2c7a10]


---------------  S Y S T E M  ---------------

OS:
 Windows 10 , 64 bit Build 19041 (10.0.19041.3636)
OS uptime: 7 days 13:58 hours

CPU: total 12 (initial active 12) (12 cores per cpu, 2 threads per core) family 23 model 104 stepping 1 microcode 0x0, cx8, cmov, fxsr, ht, mmx, 3dnowpref, sse, sse2, sse3, ssse3, sse4a, sse4.1, sse4.2, popcnt, lzcnt, tsc, tscinvbit, avx, avx2, aes, clmul, bmi1, bmi2, adx, sha, fma, vzeroupper, clflush, clflushopt

Memory: 4k page, system-wide physical 15722M (2528M free)
TotalPageFile size 28143M (AvailPageFile size 35M)
current process WorkingSet (physical memory assigned to process): 10M, peak: 10M
current process commit charge ("private bytes"): 64M, peak: 310M

vm_info: OpenJDK 64-Bit Server VM (17.0.6+0-b2043.56-10027231) for windows-amd64 JRE (17.0.6+0-b2043.56-10027231), built on Apr 28 2023 00:43:19 by "androidbuild" with MS VC++ 16.10 / 16.11 (VS2019)

END.
